<?xml version="1.0" encoding="UTF-8"?>
<testsuite name="org.zerock.club.security.JWTTests" tests="1" skipped="0" failures="0" errors="0" timestamp="2023-07-18T04:49:00" hostname="DESKTOP-QFSSUPK" time="5.847">
  <properties/>
  <testcase name="testEncode()" classname="org.zerock.club.security.JWTTests" time="5.847"/>
  <system-out><![CDATA[Test Before.......................
13:49:06.120 [Test worker] INFO org.zerock.club.util.JWTUtil - header={alg=HS256},body={iat=1689655740, exp=1692247740, sub=user10@zerock.org},signature=0RqQrbKtqHxeJKyFfTPmV2tWPvnyJU-ReCZSdBps1AQ
13:49:06.129 [Test worker] INFO org.zerock.club.util.JWTUtil - class io.jsonwebtoken.impl.DefaultClaims
13:49:06.129 [Test worker] INFO org.zerock.club.util.JWTUtil - ----------------------------------
eyJhbGciOiJIUzI1NiJ9.eyJpYXQiOjE2ODk2NTU3NDAsImV4cCI6MTY5MjI0Nzc0MCwic3ViIjoidXNlcjEwQHplcm9jay5vcmcifQ.0RqQrbKtqHxeJKyFfTPmV2tWPvnyJU-ReCZSdBps1AQ
user10@zerock.org
]]></system-out>
  <system-err><![CDATA[]]></system-err>
</testsuite>
